webrtc/base/event.h:19:2: "Must define either WEBRTC_WIN or WEBRTC_POSIX."
>>> Project > Build Settings > search for "Preprocessor Macros" > double click this line > click "+" sign > add "WEBRTC_POSIX"


how to make multiple architecture library
>>> lipo -create *.a -output multi.a


dyld: Library not loaded: something.dylib
  Referenced from: /var/mobile/Applications/D7FAAE31-8B1C-405B-AE51-5C2720468E18/transport-demo.app/transport-demo
  Reason: image not found
>>> general > embedded binaries > add the dynamic library




basicClientUserAgent.cxx:1154:18: Use of undeclared identifier 'CLOCK_MONOTONIC'
>>> 
#ifdef __MACH__
#include <mach/clock.h>
#include <mach/mach.h>
#endif

#ifdef __MACH__ // OS X does not have clock_gettime, use clock_get_time
    clock_serv_t cclock;
    mach_timespec_t mts;
    host_get_clock_service(mach_host_self(), CALENDAR_CLOCK, &cclock);
    clock_get_time(cclock, &mts);
    mach_port_deallocate(mach_task_self(), cclock);
    ts.tv_sec = mts.tv_sec;
    ts.tv_nsec = mts.tv_nsec;
#else
    //clock_gettime(CLOCK_REALTIME, &ts);
    clock_gettime(CLOCK_MONOTONIC, &ts);
#endif


Undefined symbols for architecture armv7:
  "VTT for std::basic_istringstream<char, std::char_traits<char>, std::allocator<char> >", referenced from:
      resip::SHA1::update(std::string const&) in librutil.a(Sha1.o)
  "std::string::reserve(unsigned long)", referenced from:
      resip::SHA1::createDigest() in librutil.a(Sha1.o)
  "std::clog", referenced from:
      stunParseMessage(char*, unsigned int, StunMessage&, bool) in librutil.a(Stun.o)
      stunEncodeMessage(StunMessage const&, char*, unsigned int, StunAtrString const&, bool) in librutil.a(Stun.o)
      stunServerProcessMsg(char*, unsigned int, StunAddress4&, StunAddress4&, StunAddress4&, StunAddress4&, StunMessage*, StunAddress4*, StunAtrString*, bool*, bool*, bool) in librutil.a(Stun.o)
  "std::string::append(std::string const&)", referenced from:
      resip::SHA1::update(std::istream&) in librutil.a(Sha1.o)
  "std::__throw_out_of_range(char const*)", referenced from:
      resip::CallID::parse(resip::ParseBuffer&) in libresip.a(CallId.o)
  "std::string::_Rep::_S_empty_rep_storage", referenced from:
  >>>  adding "-Xlinker -lstdc++" to "Other Linker Flags" appears to resolve the issue
  
  
Undefined symbols for architecture armv7:
  "resip::operator<<(std::__1::basic_ostream<char, std::__1::char_traits<char> >&, resip::Message const&)", referenced from:
      resip::BasicClientCall::onRemoteSdpChanged(resip::Handle<resip::InviteSession>, resip::SipMessage const&, resip::SdpContents const&) in basicClientCall.o
  "resip::operator<<(std::__1::basic_ostream<char, std::__1::char_traits<char> >&, resip::LazyParser const&)", referenced from:
>>> C++ Language Dialect     change to C++11[-std=c++11]
>>> c++ Standard Library     change to libstdc++(GNU C++ standard library)
  



dyld`dyld_fatal_error:
dyld: Library not loaded: transport-arm64.dylib
  Referenced from: /var/containers/Bundle/Application/21FD6865-FF88-4AF5-A21D-BD682773F4D8/aaaaaa.app/aaaaaa
  Reason: image not found
>>> 



FAILED: ../../third_party/llvm-build/Release+Asserts/bin/clang -MMD -MF obj/webrtc/modules/audio_coding/codecs/g722/g722.g722_decode.o.d -DV8_DEPRECATION_WARNINGS -DCLD_VERSION=2 -DEXPAT_RELATIVE_PATH -DWEBRTC_POSIX -DWEBRTC_MAC -DWEBRTC_IOS -DWEBRTC_INCLUDE_INTERNAL_AUDIO_DEVICE -DDISABLE_NACL -DCHROMIUM_BUILD -DCR_CLANG_REVISION=264915-1 -DUSE_LIBJPEG_TURBO=1 -DFIELDTRIAL_TESTING_ENABLED -DDISABLE_FTP_SUPPORT=1 -DV8_USE_EXTERNAL_STARTUP_DATA -DUSE_LIBPCI=1 -DUSE_OPENSSL=1 -D__STDC_CONSTANT_MACROS -D__STDC_FORMAT_MACROS -DDYNAMIC_ANNOTATIONS_ENABLED=1 -DWTF_USE_DYNAMIC_ANNOTATIONS=1 -D_DEBUG -Igen -I../.. -isysroot /Applications/Xcode.app/Contents/Developer/Platforms/iPhoneOS.platform/Developer/SDKs/iPhoneOS9.3.sdk -O0 -gdwarf-2 -fvisibility=hidden -Werror -miphoneos-version-min=9.0 -arch armv7 -Wall -Wextra -Wno-unused-parameter -Wno-missing-field-initializers -Wno-selector-type-mismatch -Wheader-hygiene -Wno-char-subscripts -Wno-unneeded-internal-declaration -Wno-covered-switch-default -Wstring-conversion -Wno-c++11-narrowing -Wno-deprecated-register -Wno-inconsistent-missing-override -Wno-shift-negative-value -std=c99 -fcolor-diagnostics -fstack-protector-all  -c ../../webrtc/modules/audio_coding/codecs/g722/g722_decode.c -o obj/webrtc/modules/audio_coding/codecs/g722/g722.g722_decode.o
/bin/sh: ../../third_party/llvm-build/Release+Asserts/bin/clang: cannot execute binary file
ninja: build stopped: subcommand failed.
>>>file /usr/bin/clang
>>>file ./src/third_party/llvm-build/Release+Asserts/bin/clang
>>>rm -rf src/chromium/src/third_party
>>>./src/tools/clang/scripts/update.py



FAILED: ../../third_party/llvm-build/Release+Asserts/bin/clang -MMD -MF obj/chromium/src/third_party/libvpx/source/libvpx/vp8/encoder/x86/libvpx_intrinsics_sse2.vp8_quantize_sse2.o.d -DV8_DEPRECATION_WARNINGS -DCLD_VERSION=2 -DDISABLE_NACL -DCHROMIUM_BUILD -DCR_CLANG_REVISION=264915-1 -DUSE_LIBJPEG_TURBO=1 -DFIELDTRIAL_TESTING_ENABLED -DDISABLE_FTP_SUPPORT=1 -DV8_USE_EXTERNAL_STARTUP_DATA -DUSE_LIBPCI=1 -DUSE_OPENSSL=1 -DDYNAMIC_ANNOTATIONS_ENABLED=1 -DWTF_USE_DYNAMIC_ANNOTATIONS=1 -Igen -I../../chromium/src/third_party/libvpx/source/config/linux/ia32 -I../../chromium/src/third_party/libvpx/source/libvpx -isysroot /Applications/Xcode.app/Contents/Developer/Platforms/iPhoneOS.platform/Developer/SDKs/iPhoneOS9.3.sdk -O0 -gdwarf-2 -fvisibility=hidden -Werror -miphoneos-version-min=9.0 -arch armv7 -Wall -Wno-unused-parameter -Wno-missing-field-initializers -Wno-selector-type-mismatch -Wno-conversion -Wno-parentheses-equality -Wno-unused-function -Wheader-hygiene -Wno-char-subscripts -Wno-unneeded-internal-declaration -Wno-covered-switch-default -Wno-c++11-narrowing -Wno-deprecated-register -Wno-inconsistent-missing-override -Wno-shift-negative-value -Wno-unused-variable -std=c99 -Xclang -load -Xclang /Users/han/webrtc/check/src/third_party/llvm-build/Release+Asserts/lib/libFindBadConstructs.dylib -Xclang -add-plugin -Xclang find-bad-constructs -Xclang -plugin-arg-find-bad-constructs -Xclang check-templates -Xclang -plugin-arg-find-bad-constructs -Xclang follow-macro-expansion -fcolor-diagnostics -msse2 -fstack-protector-all  -c ../../chromium/src/third_party/libvpx/source/libvpx/vp8/encoder/x86/vp8_quantize_sse2.c -o obj/chromium/src/third_party/libvpx/source/libvpx/vp8/encoder/x86/libvpx_intrinsics_sse2.vp8_quantize_sse2.o
clang: error: argument unused during compilation: '-msse2'
ninja: build stopped: subcommand failed.
>>> add "-Wno-unused-but-set-variable" "-Wno-error-unused-variable" to <Other C++ Flags>


cannot find mobile provisioning for com.google.AppRTCDemo
ninja: build stopped: subcommand failed.
>>> Before starting the iOS project, create a new iOS App ID in the Apple Development portal with your own account and name for the ID. You will not be able to use com.google..AppRTCDemo for the id, so suggest changing com.google to your own company. 
>>> Once the project content is available, then you can edit the trunk/talk/examples/ios/AppRTCDemo/Info.plist file with the correct app ID you created in step 1. Just search for com.google.AppRTCDemo for what to replace.


webrtc/check-ios/src/chromium/src/third_party/llvm-build/Release+Asserts/bin/../lib/clang/3.9.0/include/mmintrin.h:39:5: error: use of undeclared identifier '__builtin_ia32_emms'; did you mean '__builtin_isless'?
>>> add "-stdlib=libc++" to <Other C++ Flags> and <Other Linker Flags>
>>> https://github.com/Andersbakken/rtags/issues/335





ws2_32.lib
如果没有链接，会报如下错：

error LNK2019: 无法解析的外部符号 __imp__closesocket@4，该符号在函数 _wmain 中被引用
error LNK2019: 无法解析的外部符号 __imp__recv@16，该符号在函数 _wmain 中被引用
error LNK2019: 无法解析的外部符号 __imp__accept@12，该符号在函数 _wmain 中被引用
error LNK2019: 无法解析的外部符号 __imp__listen@8，该符号在函数 _wmain 中被引用
error LNK2019: 无法解析的外部符号 __imp__ntohs@4，该符号在函数 _wmain 中被引用
error LNK2019: 无法解析的外部符号 __imp__getsockname@12，该符号在函数 _wmain 中被引用
error LNK2019: 无法解析的外部符号 __imp__bind@12，该符号在函数 _wmain 中被引用
error LNK2019: 无法解析的外部符号 __imp__socket@12，该符号在函数 _wmain 中被引用


error LNK2019: 无法解析的外部符号 _in6addr_any
winmm.lib
error LNK2019: 无法解析的外部符号 __imp__timeGetTime@0
Rpcrt4.lib
error LNK2019: 无法解析的外部符号 __imp__UuidEqual@12
Ntdsapi.lib
error LNK2019: 无法解析的外部符号 __imp__DsMakeSpnA@28

dmoguids.lib
error LNK2001: 无法解析的外部符号 _IID_IMediaBuffer
wmcodecdspuuid.lib

error LNK2001: 无法解析的外部符号 _CLSID_CWMAudioAEC
Strmiids.lib

无法解析的外部符号 _MEDIATYPE_Audio



 应输入标识符std::max
 (std::max)(timeout, lagtime);
 Define NOMINMAX before including windows.h

无法解析的外部符号 "class std::basic_string<char,struct std::char_traits<char>,class std::allocator<char> >


无法在要求对象展开的函数中使用 __try
使用 /EHsc 时，带有结构化异常处理的函数不能具有要求展开（毁坏）的对象。
可能的解决方案：
将要求 SEH 的代码移动到另一个函数中。
重写使用 SEH 的函数以避免使用具有析构函数的局部变量和参数。在构造函数或析构函数中不要使用 SEH。
配置属性 -> C/C++ -> 代码生成 -> 启用C++异常 -> 不使用 /EHsc 进行编译


无法解析的外部符号 __imp__timeGetTime@0，该符号在函数 "unsigned __int64 __cdecl rtc::TimeNanos(void)" (?TimeNanos@rtc@@YA_KXZ) 中被引用	ConsoleApplication2	E:\workspace\ConsoleApplication2\ConsoleApplication2\timeutils.obj	1	
winmm.lib


无法解析的外部符号 _AcquireCredentialsHandleA@36，该符号在函数 "enum rtc::HttpAuthResult __cdecl rtc::HttpAuthenticate(char const *,unsigned int,class rtc::SocketAddress const &,class std::basic_string<char,struct std::char_traits<char>
Secur32.Lib


无法解析的外部符号 _EVP_md5，该符号在函数 "public: static bool __cdecl rtc::OpenSSLDigest::GetDigestEVP(class std::basic_string<char,struct std::char_traits<char>,class std::allocator<char> > const &,struct env_md_st const * *)" (?GetDigestEVP@OpenSSLDigest@rtc@@SA_NABV?$basic_string@DU?$char_traits@D@std@@V?$allocator@D@2@@std@@PAPBUenv_md_st@@@Z) 中被引用	ConsoleApplication2	E:\workspace\ConsoleApplication2\ConsoleApplication2\rtc_base.lib(openssldigest.obj)	1	
ssleay32.lib   libeay32.lib


检测到“_MSC_VER”的不匹配项: 值“1800”不匹配值“1900”(BerkeleyDb.obj 中)	repro (repro\repro)	E:\workspace\resiprocate-1.10.1\repro\db_static.lib(cxx_dbc.obj)	1	
配置属性->常规->平台工具集


LNK2038	检测到“RuntimeLibrary”的不匹配项:  值“MTd_StaticDebug”不匹配值“MDd_DynamicDebug”(BerkeleyDb.obj 中)	repro (repro\repro)	E:\workspace\resiprocate-1.10.1\repro\rtc_base.lib(asyncsocket.obj)	1	
项目属性 -> 配置属性 -> C/C++ -> 代码生成 -> 运行库->设置成 多线程调试(/MTd)



"wchar_t *" 类型的实参与 "LPCSTR" 类型的形参不兼容	repro	e:\workspace\resiprocate\webrtc\base\win32.cc	391	
项目属性 -> 配置属性 -> 常规 -> 字符集


编译器中发生内部错误  编译器文件“msc1.cpp”，第 1325 行



通过设置vs工程的环境变量，实现对单个工程本地化配置的目标，环境变量可随整个工程迁移，设置方法：vs工程属性-->配置属性-->调试-->环境，例如，我们要引用../../bin/目录里面的dll，那么我们可以设置为：path=%path%;..\..\bin

C1010	在查找预编译头时遇到意外的文件结尾。是否忘记了向源中添加“#include "stdafx.h"”?	rtchttpd	e:\workspace\rtchttpd\rtchttpd\webrtc\base\httpserver.cc	289	
配置属性->C/C++  -> 预编译头 -> 不使用预编译头



C4996 'std::copy::_Unchecked_iterators::_Deprecate': Call to 'std::copy' with parameters that may be unsafe - this call relies on the caller to check that the passed values are correct. To disable this warning, use -D_SCL_SECURE_NO_WARNINGS. See documentation on how to use Visual C++ 'Checked Iterators' rtchttpd d:\visualstudio\vc\include\xutility 2322
配置属性 -> 常规 -> 平台工具集 

C4996	'GetVersionExW': 被声明为已否决	rtchttpd	e:\workspace\rtchttpd\rtchttpd\webrtc\base\win32.cc	425	
Project Properties > Configuration Properties > C/C++ > General > SDL checks关掉







